<?xml version="1.0" encoding="utf-8"?><testsuites name="pytest tests"><testsuite name="pytest" errors="0" failures="0" skipped="0" tests="15" time="3.051" timestamp="2026-09-06T02:44:55.327958+00:00" hostname="agent-env-398795c6-b068-40c8-9fe8-a27ad7b5bd2e"><testcase classname="tests.backend_test.TestAuth" name="test_login_success" time="0.472" /><testcase classname="tests.backend_test.TestAdminCRUD" name="test_create_requires_auth" time="0.477" /><testcase classname="tests.backend_test.TestAuth" name="test_login_wrong_password" time="0.286" /><testcase classname="tests.backend_test.TestAdminCRUD" name="test_update_requires_auth" time="0.279" /><testcase classname="tests.backend_test.TestAdminCRUD" name="test_delete_requires_auth" time="0.146" /><testcase classname="tests.backend_test.TestAuth" name="test_me_without_token" time="0.121" /><testcase classname="tests.backend_test.TestAuth" name="test_me_with_token" time="0.536" /><testcase classname="tests.backend_test.TestStores" name="test_list_stores_returns_four_seeded" time="0.063" /><testcase classname="tests.backend_test.TestAdminCRUD" name="test_full_crud_cycle" time="1.322" /><testcase classname="tests.backend_test.TestStores" name="test_get_store_by_id" time="0.119" /><testcase classname="tests.backend_test.TestStores" name="test_get_store_invalid_id_404" time="0.100" /><testcase classname="tests.backend_test.TestAdminCRUD" name="test_seeded_stores_still_intact" time="0.087" /><testcase classname="tests.backend_test.TestSearch" name="test_search_short_praia" time="0.079" /><testcase classname="tests.backend_test.TestSearch" name="test_search_roupa_de_bebe" time="0.081" /><testcase classname="tests.backend_test.TestSearch" name="test_search_empty" time="0.074" /></testsuite></testsuites>