<?xml version="1.0" encoding="utf-8"?><testsuites name="pytest tests"><testsuite name="pytest" errors="0" failures="0" skipped="0" tests="19" time="4.349" timestamp="2026-09-06T03:08:45.606475+00:00" hostname="agent-env-398795c6-b068-40c8-9fe8-a27ad7b5bd2e"><testcase classname="tests.backend_test.TestAuth" name="test_login_success" time="0.547" /><testcase classname="tests.backend_test.TestAdminCRUD" name="test_create_requires_auth" time="0.543" /><testcase classname="tests.backend_test.TestAdminCRUD" name="test_update_requires_auth" time="0.296" /><testcase classname="tests.backend_test.TestAuth" name="test_login_wrong_password" time="0.291" /><testcase classname="tests.backend_test.TestAuth" name="test_me_without_token" time="0.119" /><testcase classname="tests.backend_test.TestAdminCRUD" name="test_delete_requires_auth" time="0.137" /><testcase classname="tests.backend_test.TestAuth" name="test_me_with_token" time="0.552" /><testcase classname="tests.backend_test.TestAdminCRUD" name="test_full_crud_cycle" time="2.048" /><testcase classname="tests.backend_test.TestStores" name="test_list_stores_returns_four_seeded" time="0.069" /><testcase classname="tests.backend_test.TestStores" name="test_get_store_by_id" time="0.142" /><testcase classname="tests.backend_test.TestStores" name="test_get_store_invalid_id_404" time="0.066" /><testcase classname="tests.backend_test.TestUpload" name="test_upload_requires_auth" time="0.115" /><testcase classname="tests.backend_test.TestUpload" name="test_upload_png_and_serve" time="0.951" /><testcase classname="tests.backend_test.TestUpload" name="test_upload_rejects_non_image" time="0.156" /><testcase classname="tests.backend_test.TestStorePhotoUrl" name="test_create_update_delete_with_photo_url" time="0.830" /><testcase classname="tests.backend_test.TestAdminCRUD" name="test_seeded_stores_still_intact" time="0.066" /><testcase classname="tests.backend_test.TestSearch" name="test_search_short_praia" time="0.067" /><testcase classname="tests.backend_test.TestSearch" name="test_search_roupa_de_bebe" time="0.069" /><testcase classname="tests.backend_test.TestSearch" name="test_search_empty" time="0.112" /></testsuite></testsuites>